[2026-01-19T07:23:27.939+0000] {taskinstance.py:1956} INFO - Dependencies all met for dep_context=non-requeueable deps ti=<TaskInstance: healthcare_vitals_pipeline.vitals_stream_bronze manual__2026-01-19T07:23:25.164355+00:00 [queued]>
[2026-01-19T07:23:27.943+0000] {taskinstance.py:1956} INFO - Dependencies all met for dep_context=requeueable deps ti=<TaskInstance: healthcare_vitals_pipeline.vitals_stream_bronze manual__2026-01-19T07:23:25.164355+00:00 [queued]>
[2026-01-19T07:23:27.943+0000] {taskinstance.py:2170} INFO - Starting attempt 1 of 1
[2026-01-19T07:23:27.947+0000] {taskinstance.py:2191} INFO - Executing <Task(DatabricksSubmitRunOperator): vitals_stream_bronze> on 2026-01-19 07:23:25.164355+00:00
[2026-01-19T07:23:27.950+0000] {standard_task_runner.py:60} INFO - Started process 107 to run task
[2026-01-19T07:23:27.952+0000] {standard_task_runner.py:87} INFO - Running: ['***', 'tasks', 'run', 'healthcare_vitals_pipeline', 'vitals_stream_bronze', 'manual__2026-01-19T07:23:25.164355+00:00', '--job-id', '26', '--raw', '--subdir', 'DAGS_FOLDER/healthcare_vitals_pipeline.py', '--cfg-path', '/tmp/tmpxmsnws0h']
[2026-01-19T07:23:27.954+0000] {standard_task_runner.py:88} INFO - Job 26: Subtask vitals_stream_bronze
[2026-01-19T07:23:27.974+0000] {task_command.py:423} INFO - Running <TaskInstance: healthcare_vitals_pipeline.vitals_stream_bronze manual__2026-01-19T07:23:25.164355+00:00 [running]> on host 35020eda8d2b
[2026-01-19T07:23:28.002+0000] {taskinstance.py:2480} INFO - Exporting env vars: AIRFLOW_CTX_DAG_OWNER='***' AIRFLOW_CTX_DAG_ID='healthcare_vitals_pipeline' AIRFLOW_CTX_TASK_ID='vitals_stream_bronze' AIRFLOW_CTX_EXECUTION_DATE='2026-01-19T07:23:25.164355+00:00' AIRFLOW_CTX_TRY_NUMBER='1' AIRFLOW_CTX_DAG_RUN_ID='manual__2026-01-19T07:23:25.164355+00:00'
[2026-01-19T07:23:28.005+0000] {base.py:83} INFO - Using connection ID 'databricks_ce' for task execution.
[2026-01-19T07:23:28.538+0000] {taskinstance.py:2698} ERROR - Task failed with exception
Traceback (most recent call last):
  File "/home/airflow/.local/lib/python3.8/site-packages/airflow/providers/databricks/hooks/databricks_base.py", line 562, in _do_api_call
    for attempt in self._get_retry_object():
  File "/home/airflow/.local/lib/python3.8/site-packages/tenacity/__init__.py", line 347, in __iter__
    do = self.iter(retry_state=retry_state)
  File "/home/airflow/.local/lib/python3.8/site-packages/tenacity/__init__.py", line 314, in iter
    return fut.result()
  File "/usr/local/lib/python3.8/concurrent/futures/_base.py", line 437, in result
    return self.__get_result()
  File "/usr/local/lib/python3.8/concurrent/futures/_base.py", line 389, in __get_result
    raise self._exception
  File "/home/airflow/.local/lib/python3.8/site-packages/airflow/providers/databricks/hooks/databricks_base.py", line 572, in _do_api_call
    response.raise_for_status()
  File "/home/airflow/.local/lib/python3.8/site-packages/requests/models.py", line 1021, in raise_for_status
    raise HTTPError(http_error_msg, response=self)
requests.exceptions.HTTPError: 403 Client Error: Forbidden for url: https://community.cloud.databricks.com/api/2.1/jobs/runs/submit

During handling of the above exception, another exception occurred:

Traceback (most recent call last):
  File "/home/airflow/.local/lib/python3.8/site-packages/airflow/models/taskinstance.py", line 433, in _execute_task
    result = execute_callable(context=context, **execute_callable_kwargs)
  File "/home/airflow/.local/lib/python3.8/site-packages/airflow/providers/databricks/operators/databricks.py", line 624, in execute
    self.run_id = self._hook.submit_run(json_normalised)
  File "/home/airflow/.local/lib/python3.8/site-packages/airflow/providers/databricks/hooks/databricks.py", line 263, in submit_run
    response = self._do_api_call(SUBMIT_RUN_ENDPOINT, json)
  File "/home/airflow/.local/lib/python3.8/site-packages/airflow/providers/databricks/hooks/databricks_base.py", line 579, in _do_api_call
    raise AirflowException(msg)
airflow.exceptions.AirflowException: Response: Invalid access token., Status Code: 403
[2026-01-19T07:23:28.544+0000] {taskinstance.py:1138} INFO - Marking task as FAILED. dag_id=healthcare_vitals_pipeline, task_id=vitals_stream_bronze, execution_date=20260119T072325, start_date=20260119T072327, end_date=20260119T072328
[2026-01-19T07:23:28.552+0000] {standard_task_runner.py:107} ERROR - Failed to execute job 26 for task vitals_stream_bronze (Response: Invalid access token., Status Code: 403; 107)
[2026-01-19T07:23:28.601+0000] {local_task_job_runner.py:234} INFO - Task exited with return code 1
[2026-01-19T07:23:28.618+0000] {taskinstance.py:3280} INFO - 0 downstream tasks scheduled from follow-on schedule check
